Determining if the pthread_create exist failed with the following output:
Change Dir: /home/liurenju/Desktop/research/mobisys-2020/armnn/build/CMakeFiles/CMakeTmp

Run Build Command:"/usr/bin/make" "cmTC_2ef81/fast"
/usr/bin/make -f CMakeFiles/cmTC_2ef81.dir/build.make CMakeFiles/cmTC_2ef81.dir/build
make[1]: Entering directory '/home/liurenju/Desktop/research/mobisys-2020/armnn/build/CMakeFiles/CMakeTmp'
Building C object CMakeFiles/cmTC_2ef81.dir/CheckSymbolExists.c.o
/usr/bin/aarch64-linux-gnu-gcc   -fPIE   -o CMakeFiles/cmTC_2ef81.dir/CheckSymbolExists.c.o   -c /home/liurenju/Desktop/research/mobisys-2020/armnn/build/CMakeFiles/CMakeTmp/CheckSymbolExists.c
Linking C executable cmTC_2ef81
/usr/bin/cmake -E cmake_link_script CMakeFiles/cmTC_2ef81.dir/link.txt --verbose=1
/usr/bin/aarch64-linux-gnu-gcc      -rdynamic CMakeFiles/cmTC_2ef81.dir/CheckSymbolExists.c.o  -o cmTC_2ef81 
CMakeFiles/cmTC_2ef81.dir/CheckSymbolExists.c.o: In function `main':
CheckSymbolExists.c:(.text+0x14): undefined reference to `pthread_create'
CheckSymbolExists.c:(.text+0x18): undefined reference to `pthread_create'
collect2: error: ld returned 1 exit status
CMakeFiles/cmTC_2ef81.dir/build.make:97: recipe for target 'cmTC_2ef81' failed
make[1]: *** [cmTC_2ef81] Error 1
make[1]: Leaving directory '/home/liurenju/Desktop/research/mobisys-2020/armnn/build/CMakeFiles/CMakeTmp'
Makefile:126: recipe for target 'cmTC_2ef81/fast' failed
make: *** [cmTC_2ef81/fast] Error 2

File /home/liurenju/Desktop/research/mobisys-2020/armnn/build/CMakeFiles/CMakeTmp/CheckSymbolExists.c:
/* */
#include <pthread.h>

int main(int argc, char** argv)
{
  (void)argv;
#ifndef pthread_create
  return ((int*)(&pthread_create))[argc];
#else
  (void)argc;
  return 0;
#endif
}

Determining if the function pthread_create exists in the pthreads failed with the following output:
Change Dir: /home/liurenju/Desktop/research/mobisys-2020/armnn/build/CMakeFiles/CMakeTmp

Run Build Command:"/usr/bin/make" "cmTC_db623/fast"
/usr/bin/make -f CMakeFiles/cmTC_db623.dir/build.make CMakeFiles/cmTC_db623.dir/build
make[1]: Entering directory '/home/liurenju/Desktop/research/mobisys-2020/armnn/build/CMakeFiles/CMakeTmp'
Building C object CMakeFiles/cmTC_db623.dir/CheckFunctionExists.c.o
/usr/bin/aarch64-linux-gnu-gcc   -DCHECK_FUNCTION_EXISTS=pthread_create -fPIE   -o CMakeFiles/cmTC_db623.dir/CheckFunctionExists.c.o   -c /usr/share/cmake-3.10/Modules/CheckFunctionExists.c
Linking C executable cmTC_db623
/usr/bin/cmake -E cmake_link_script CMakeFiles/cmTC_db623.dir/link.txt --verbose=1
/usr/bin/aarch64-linux-gnu-gcc  -DCHECK_FUNCTION_EXISTS=pthread_create    -rdynamic CMakeFiles/cmTC_db623.dir/CheckFunctionExists.c.o  -o cmTC_db623 -lpthreads 
/usr/lib/gcc-cross/aarch64-linux-gnu/7/../../../../aarch64-linux-gnu/bin/ld: cannot find -lpthreads
collect2: error: ld returned 1 exit status
CMakeFiles/cmTC_db623.dir/build.make:97: recipe for target 'cmTC_db623' failed
make[1]: *** [cmTC_db623] Error 1
make[1]: Leaving directory '/home/liurenju/Desktop/research/mobisys-2020/armnn/build/CMakeFiles/CMakeTmp'
Makefile:126: recipe for target 'cmTC_db623/fast' failed
make: *** [cmTC_db623/fast] Error 2


Determining if the include file valgrind/memcheck.h exists failed with the following output:
Change Dir: /home/liurenju/Desktop/research/mobisys-2020/armnn/build/CMakeFiles/CMakeTmp

Run Build Command:"/usr/bin/make" "cmTC_21ab9/fast"
/usr/bin/make -f CMakeFiles/cmTC_21ab9.dir/build.make CMakeFiles/cmTC_21ab9.dir/build
make[1]: Entering directory '/home/liurenju/Desktop/research/mobisys-2020/armnn/build/CMakeFiles/CMakeTmp'
Building C object CMakeFiles/cmTC_21ab9.dir/CheckIncludeFile.c.o
/usr/bin/aarch64-linux-gnu-gcc   -fPIE   -o CMakeFiles/cmTC_21ab9.dir/CheckIncludeFile.c.o   -c /home/liurenju/Desktop/research/mobisys-2020/armnn/build/CMakeFiles/CMakeTmp/CheckIncludeFile.c
/home/liurenju/Desktop/research/mobisys-2020/armnn/build/CMakeFiles/CMakeTmp/CheckIncludeFile.c:1:10: fatal error: valgrind/memcheck.h: No such file or directory
 #include <valgrind/memcheck.h>
          ^~~~~~~~~~~~~~~~~~~~~
compilation terminated.
CMakeFiles/cmTC_21ab9.dir/build.make:65: recipe for target 'CMakeFiles/cmTC_21ab9.dir/CheckIncludeFile.c.o' failed
make[1]: *** [CMakeFiles/cmTC_21ab9.dir/CheckIncludeFile.c.o] Error 1
make[1]: Leaving directory '/home/liurenju/Desktop/research/mobisys-2020/armnn/build/CMakeFiles/CMakeTmp'
Makefile:126: recipe for target 'cmTC_21ab9/fast' failed
make: *** [cmTC_21ab9/fast] Error 2


